<?xml version="1.0" encoding="UTF-8"?>
<coverage generated="1724232187955" clover="3.2.0">
  <project timestamp="1724232187955" name="All files">
    <metrics statements="114" coveredstatements="107" conditionals="32" coveredconditionals="27" methods="23" coveredmethods="22" elements="169" coveredelements="156" complexity="0" loc="114" ncloc="114" packages="1" files="1" classes="1"/>
    <file name="script.js" path="C:\Users\Lenovo\Desktop\registration\js\script.js">
      <metrics statements="114" coveredstatements="107" conditionals="32" coveredconditionals="27" methods="23" coveredmethods="22"/>
      <line num="2" count="2" type="cond" truecount="2" falsecount="0"/>
      <line num="3" count="2" type="stmt"/>
      <line num="4" count="2" type="stmt"/>
      <line num="8" count="11" type="stmt"/>
      <line num="9" count="11" type="stmt"/>
      <line num="10" count="11" type="stmt"/>
      <line num="13" count="11" type="stmt"/>
      <line num="14" count="0" type="stmt"/>
      <line num="18" count="1" type="stmt"/>
      <line num="19" count="5" type="stmt"/>
      <line num="23" count="4" type="stmt"/>
      <line num="24" count="4" type="stmt"/>
      <line num="25" count="4" type="stmt"/>
      <line num="26" count="4" type="stmt"/>
      <line num="27" count="4" type="stmt"/>
      <line num="28" count="4" type="cond" truecount="1" falsecount="1"/>
      <line num="29" count="5" type="stmt"/>
      <line num="31" count="4" type="cond" truecount="7" falsecount="0"/>
      <line num="32" count="1" type="stmt"/>
      <line num="33" count="1" type="stmt"/>
      <line num="35" count="3" type="cond" truecount="1" falsecount="1"/>
      <line num="36" count="3" type="stmt"/>
      <line num="37" count="3" type="stmt"/>
      <line num="39" count="0" type="stmt"/>
      <line num="47" count="0" type="stmt"/>
      <line num="48" count="0" type="stmt"/>
      <line num="49" count="0" type="stmt"/>
      <line num="50" count="0" type="stmt"/>
      <line num="54" count="4" type="stmt"/>
      <line num="55" count="4" type="stmt"/>
      <line num="57" count="4" type="stmt"/>
      <line num="58" count="4" type="stmt"/>
      <line num="60" count="4" type="stmt"/>
      <line num="61" count="2" type="stmt"/>
      <line num="62" count="2" type="stmt"/>
      <line num="63" count="2" type="stmt"/>
      <line num="66" count="4" type="stmt"/>
      <line num="67" count="1" type="stmt"/>
      <line num="72" count="3" type="stmt"/>
      <line num="73" count="4" type="stmt"/>
      <line num="74" count="3" type="stmt"/>
      <line num="75" count="3" type="stmt"/>
      <line num="79" count="33" type="stmt"/>
      <line num="80" count="33" type="cond" truecount="1" falsecount="1"/>
      <line num="81" count="33" type="cond" truecount="2" falsecount="0"/>
      <line num="82" count="33" type="stmt"/>
      <line num="84" count="33" type="cond" truecount="2" falsecount="0"/>
      <line num="85" count="4" type="stmt"/>
      <line num="87" count="29" type="stmt"/>
      <line num="88" count="35" type="stmt"/>
      <line num="89" count="35" type="stmt"/>
      <line num="90" count="35" type="stmt"/>
      <line num="91" count="35" type="stmt"/>
      <line num="93" count="35" type="stmt"/>
      <line num="94" count="35" type="stmt"/>
      <line num="96" count="35" type="stmt"/>
      <line num="97" count="35" type="stmt"/>
      <line num="98" count="35" type="stmt"/>
      <line num="99" count="35" type="stmt"/>
      <line num="101" count="35" type="stmt"/>
      <line num="102" count="35" type="stmt"/>
      <line num="103" count="35" type="stmt"/>
      <line num="104" count="35" type="stmt"/>
      <line num="106" count="35" type="stmt"/>
      <line num="107" count="35" type="stmt"/>
      <line num="108" count="35" type="stmt"/>
      <line num="109" count="35" type="stmt"/>
      <line num="111" count="35" type="stmt"/>
      <line num="112" count="35" type="stmt"/>
      <line num="113" count="35" type="stmt"/>
      <line num="114" count="35" type="stmt"/>
      <line num="115" count="35" type="stmt"/>
      <line num="116" count="35" type="stmt"/>
      <line num="123" count="35" type="stmt"/>
      <line num="125" count="35" type="stmt"/>
      <line num="126" count="2" type="stmt"/>
      <line num="128" count="35" type="stmt"/>
      <line num="129" count="35" type="stmt"/>
      <line num="130" count="1" type="stmt"/>
      <line num="132" count="35" type="stmt"/>
      <line num="133" count="4" type="stmt"/>
      <line num="135" count="35" type="stmt"/>
      <line num="136" count="1" type="stmt"/>
      <line num="143" count="8" type="stmt"/>
      <line num="144" count="8" type="stmt"/>
      <line num="145" count="8" type="stmt"/>
      <line num="146" count="8" type="stmt"/>
      <line num="147" count="8" type="stmt"/>
      <line num="148" count="8" type="stmt"/>
      <line num="150" count="8" type="stmt"/>
      <line num="151" count="8" type="stmt"/>
      <line num="155" count="5" type="stmt"/>
      <line num="156" count="5" type="stmt"/>
      <line num="157" count="5" type="stmt"/>
      <line num="158" count="5" type="stmt"/>
      <line num="159" count="5" type="stmt"/>
      <line num="161" count="5" type="cond" truecount="7" falsecount="0"/>
      <line num="162" count="1" type="stmt"/>
      <line num="163" count="1" type="stmt"/>
      <line num="166" count="4" type="cond" truecount="1" falsecount="1"/>
      <line num="167" count="4" type="stmt"/>
      <line num="168" count="5" type="cond" truecount="2" falsecount="0"/>
      <line num="169" count="4" type="stmt"/>
      <line num="177" count="1" type="stmt"/>
      <line num="180" count="4" type="stmt"/>
      <line num="181" count="4" type="stmt"/>
      <line num="182" count="4" type="stmt"/>
      <line num="183" count="4" type="stmt"/>
      <line num="187" count="1" type="stmt"/>
      <line num="188" count="1" type="cond" truecount="1" falsecount="1"/>
      <line num="189" count="0" type="stmt"/>
      <line num="192" count="1" type="stmt"/>
      <line num="193" count="1" type="stmt"/>
      <line num="194" count="1" type="stmt"/>
    </file>
  </project>
</coverage>
