{"C:\\Users\\Lenovo\\Desktop\\registration\\js\\script.js": {"path":"C:\\Users\\Lenovo\\Desktop\\registration\\js\\script.js","statementMap":{"0":{"start":{"line":2,"column":16},"end":{"line":2,"column":63}},"1":{"start":{"line":3,"column":4},"end":{"line":3,"column":21}},"2":{"start":{"line":4,"column":4},"end":{"line":4,"column":57}},"3":{"start":{"line":8,"column":18},"end":{"line":8,"column":50}},"4":{"start":{"line":9,"column":4},"end":{"line":9,"column":32}},"5":{"start":{"line":10,"column":4},"end":{"line":10,"column":34}},"6":{"start":{"line":13,"column":4},"end":{"line":15,"column":13}},"7":{"start":{"line":14,"column":8},"end":{"line":14,"column":37}},"8":{"start":{"line":18,"column":19},"end":{"line":18,"column":63}},"9":{"start":{"line":19,"column":4},"end":{"line":19,"column":46}},"10":{"start":{"line":19,"column":28},"end":{"line":19,"column":44}},"11":{"start":{"line":23,"column":21},"end":{"line":23,"column":62}},"12":{"start":{"line":24,"column":18},"end":{"line":24,"column":56}},"13":{"start":{"line":25,"column":21},"end":{"line":25,"column":62}},"14":{"start":{"line":26,"column":22},"end":{"line":26,"column":64}},"15":{"start":{"line":27,"column":21},"end":{"line":27,"column":62}},"16":{"start":{"line":28,"column":16},"end":{"line":28,"column":63}},"17":{"start":{"line":29,"column":24},"end":{"line":29,"column":64}},"18":{"start":{"line":29,"column":43},"end":{"line":29,"column":63}},"19":{"start":{"line":31,"column":4},"end":{"line":34,"column":5}},"20":{"start":{"line":32,"column":8},"end":{"line":32,"column":42}},"21":{"start":{"line":33,"column":8},"end":{"line":33,"column":15}},"22":{"start":{"line":35,"column":4},"end":{"line":51,"column":5}},"23":{"start":{"line":36,"column":8},"end":{"line":36,"column":41}},"24":{"start":{"line":37,"column":8},"end":{"line":37,"column":15}},"25":{"start":{"line":39,"column":17},"end":{"line":45,"column":5}},"26":{"start":{"line":47,"column":4},"end":{"line":47,"column":33}},"27":{"start":{"line":48,"column":4},"end":{"line":48,"column":41}},"28":{"start":{"line":49,"column":4},"end":{"line":49,"column":23}},"29":{"start":{"line":50,"column":4},"end":{"line":50,"column":19}},"30":{"start":{"line":54,"column":19},"end":{"line":54,"column":65}},"31":{"start":{"line":55,"column":20},"end":{"line":55,"column":82}},"32":{"start":{"line":57,"column":4},"end":{"line":57,"column":75}},"33":{"start":{"line":58,"column":4},"end":{"line":58,"column":35}},"34":{"start":{"line":60,"column":4},"end":{"line":64,"column":7}},"35":{"start":{"line":61,"column":8},"end":{"line":61,"column":29}},"36":{"start":{"line":62,"column":8},"end":{"line":62,"column":38}},"37":{"start":{"line":63,"column":8},"end":{"line":63,"column":47}},"38":{"start":{"line":66,"column":4},"end":{"line":68,"column":7}},"39":{"start":{"line":67,"column":8},"end":{"line":67,"column":38}},"40":{"start":{"line":72,"column":16},"end":{"line":72,"column":57}},"41":{"start":{"line":73,"column":4},"end":{"line":73,"column":61}},"42":{"start":{"line":73,"column":33},"end":{"line":73,"column":59}},"43":{"start":{"line":74,"column":4},"end":{"line":74,"column":57}},"44":{"start":{"line":75,"column":4},"end":{"line":75,"column":19}},"45":{"start":{"line":79,"column":21},"end":{"line":79,"column":56}},"46":{"start":{"line":80,"column":4},"end":{"line":140,"column":5}},"47":{"start":{"line":81,"column":22},"end":{"line":81,"column":69}},"48":{"start":{"line":82,"column":8},"end":{"line":82,"column":32}},"49":{"start":{"line":84,"column":8},"end":{"line":139,"column":9}},"50":{"start":{"line":85,"column":12},"end":{"line":85,"column":115}},"51":{"start":{"line":87,"column":12},"end":{"line":138,"column":15}},"52":{"start":{"line":88,"column":33},"end":{"line":88,"column":61}},"53":{"start":{"line":89,"column":33},"end":{"line":89,"column":65}},"54":{"start":{"line":90,"column":16},"end":{"line":90,"column":53}},"55":{"start":{"line":91,"column":16},"end":{"line":91,"column":47}},"56":{"start":{"line":93,"column":40},"end":{"line":93,"column":69}},"57":{"start":{"line":94,"column":16},"end":{"line":94,"column":63}},"58":{"start":{"line":96,"column":35},"end":{"line":96,"column":67}},"59":{"start":{"line":97,"column":16},"end":{"line":97,"column":54}},"60":{"start":{"line":98,"column":16},"end":{"line":98,"column":56}},"61":{"start":{"line":99,"column":16},"end":{"line":99,"column":56}},"62":{"start":{"line":101,"column":35},"end":{"line":101,"column":67}},"63":{"start":{"line":102,"column":16},"end":{"line":102,"column":46}},"64":{"start":{"line":103,"column":16},"end":{"line":103,"column":48}},"65":{"start":{"line":104,"column":16},"end":{"line":104,"column":56}},"66":{"start":{"line":106,"column":37},"end":{"line":106,"column":69}},"67":{"start":{"line":107,"column":16},"end":{"line":107,"column":50}},"68":{"start":{"line":108,"column":16},"end":{"line":108,"column":52}},"69":{"start":{"line":109,"column":16},"end":{"line":109,"column":58}},"70":{"start":{"line":111,"column":16},"end":{"line":111,"column":54}},"71":{"start":{"line":112,"column":16},"end":{"line":112,"column":47}},"72":{"start":{"line":113,"column":41},"end":{"line":113,"column":70}},"73":{"start":{"line":114,"column":16},"end":{"line":114,"column":60}},"74":{"start":{"line":115,"column":16},"end":{"line":115,"column":56}},"75":{"start":{"line":116,"column":16},"end":{"line":122,"column":18}},"76":{"start":{"line":123,"column":16},"end":{"line":123,"column":55}},"77":{"start":{"line":125,"column":16},"end":{"line":127,"column":19}},"78":{"start":{"line":126,"column":20},"end":{"line":126,"column":61}},"79":{"start":{"line":128,"column":36},"end":{"line":128,"column":90}},"80":{"start":{"line":129,"column":16},"end":{"line":131,"column":19}},"81":{"start":{"line":130,"column":20},"end":{"line":130,"column":60}},"82":{"start":{"line":132,"column":16},"end":{"line":134,"column":19}},"83":{"start":{"line":133,"column":20},"end":{"line":133,"column":58}},"84":{"start":{"line":135,"column":16},"end":{"line":137,"column":19}},"85":{"start":{"line":136,"column":20},"end":{"line":136,"column":40}},"86":{"start":{"line":143,"column":4},"end":{"line":143,"column":66}},"87":{"start":{"line":144,"column":4},"end":{"line":144,"column":67}},"88":{"start":{"line":145,"column":4},"end":{"line":145,"column":61}},"89":{"start":{"line":146,"column":4},"end":{"line":146,"column":67}},"90":{"start":{"line":147,"column":4},"end":{"line":147,"column":69}},"91":{"start":{"line":148,"column":4},"end":{"line":148,"column":67}},"92":{"start":{"line":150,"column":4},"end":{"line":150,"column":81}},"93":{"start":{"line":150,"column":57},"end":{"line":150,"column":80}},"94":{"start":{"line":151,"column":4},"end":{"line":151,"column":120}},"95":{"start":{"line":151,"column":59},"end":{"line":151,"column":119}},"96":{"start":{"line":155,"column":21},"end":{"line":155,"column":67}},"97":{"start":{"line":156,"column":18},"end":{"line":156,"column":61}},"98":{"start":{"line":157,"column":21},"end":{"line":157,"column":67}},"99":{"start":{"line":158,"column":22},"end":{"line":158,"column":69}},"100":{"start":{"line":159,"column":21},"end":{"line":159,"column":67}},"101":{"start":{"line":161,"column":4},"end":{"line":164,"column":5}},"102":{"start":{"line":162,"column":8},"end":{"line":162,"column":42}},"103":{"start":{"line":163,"column":8},"end":{"line":163,"column":15}},"104":{"start":{"line":166,"column":16},"end":{"line":166,"column":63}},"105":{"start":{"line":167,"column":4},"end":{"line":178,"column":7}},"106":{"start":{"line":168,"column":8},"end":{"line":176,"column":9}},"107":{"start":{"line":169,"column":12},"end":{"line":175,"column":14}},"108":{"start":{"line":177,"column":8},"end":{"line":177,"column":20}},"109":{"start":{"line":180,"column":4},"end":{"line":180,"column":57}},"110":{"start":{"line":181,"column":4},"end":{"line":181,"column":65}},"111":{"start":{"line":182,"column":4},"end":{"line":182,"column":19}},"112":{"start":{"line":183,"column":4},"end":{"line":183,"column":43}},"113":{"start":{"line":187,"column":17},"end":{"line":187,"column":52}},"114":{"start":{"line":188,"column":0},"end":{"line":190,"column":1}},"115":{"start":{"line":189,"column":4},"end":{"line":189,"column":19}},"116":{"start":{"line":192,"column":0},"end":{"line":192,"column":29}},"117":{"start":{"line":193,"column":0},"end":{"line":193,"column":25}},"118":{"start":{"line":194,"column":0},"end":{"line":195,"column":14}}},"fnMap":{"0":{"name":"saveUserToLocalStorage","decl":{"start":{"line":1,"column":9},"end":{"line":1,"column":31}},"loc":{"start":{"line":1,"column":38},"end":{"line":5,"column":1}},"line":1},"1":{"name":"showToast","decl":{"start":{"line":7,"column":9},"end":{"line":7,"column":18}},"loc":{"start":{"line":7,"column":28},"end":{"line":16,"column":1}},"line":7},"2":{"name":"(anonymous_2)","decl":{"start":{"line":13,"column":15},"end":{"line":13,"column":16}},"loc":{"start":{"line":13,"column":21},"end":{"line":15,"column":5}},"line":13},"3":{"name":"clearInputFields","decl":{"start":{"line":17,"column":9},"end":{"line":17,"column":25}},"loc":{"start":{"line":17,"column":28},"end":{"line":20,"column":1}},"line":17},"4":{"name":"(anonymous_4)","decl":{"start":{"line":19,"column":19},"end":{"line":19,"column":20}},"loc":{"start":{"line":19,"column":28},"end":{"line":19,"column":44}},"line":19},"5":{"name":"addUser","decl":{"start":{"line":22,"column":9},"end":{"line":22,"column":16}},"loc":{"start":{"line":22,"column":19},"end":{"line":52,"column":1}},"line":22},"6":{"name":"(anonymous_6)","decl":{"start":{"line":29,"column":35},"end":{"line":29,"column":36}},"loc":{"start":{"line":29,"column":43},"end":{"line":29,"column":63}},"line":29},"7":{"name":"showConfirmationDialog","decl":{"start":{"line":53,"column":9},"end":{"line":53,"column":31}},"loc":{"start":{"line":53,"column":42},"end":{"line":69,"column":1}},"line":53},"8":{"name":"(anonymous_8)","decl":{"start":{"line":60,"column":89},"end":{"line":60,"column":90}},"loc":{"start":{"line":60,"column":95},"end":{"line":64,"column":5}},"line":60},"9":{"name":"(anonymous_9)","decl":{"start":{"line":66,"column":88},"end":{"line":66,"column":89}},"loc":{"start":{"line":66,"column":94},"end":{"line":68,"column":5}},"line":66},"10":{"name":"deleteUser","decl":{"start":{"line":71,"column":9},"end":{"line":71,"column":19}},"loc":{"start":{"line":71,"column":30},"end":{"line":76,"column":1}},"line":71},"11":{"name":"(anonymous_11)","decl":{"start":{"line":73,"column":25},"end":{"line":73,"column":26}},"loc":{"start":{"line":73,"column":33},"end":{"line":73,"column":59}},"line":73},"12":{"name":"displayUsers","decl":{"start":{"line":78,"column":9},"end":{"line":78,"column":21}},"loc":{"start":{"line":78,"column":24},"end":{"line":141,"column":1}},"line":78},"13":{"name":"(anonymous_13)","decl":{"start":{"line":87,"column":26},"end":{"line":87,"column":27}},"loc":{"start":{"line":87,"column":34},"end":{"line":138,"column":13}},"line":87},"14":{"name":"(anonymous_14)","decl":{"start":{"line":125,"column":53},"end":{"line":125,"column":54}},"loc":{"start":{"line":125,"column":59},"end":{"line":127,"column":17}},"line":125},"15":{"name":"(anonymous_15)","decl":{"start":{"line":129,"column":54},"end":{"line":129,"column":55}},"loc":{"start":{"line":129,"column":60},"end":{"line":131,"column":17}},"line":129},"16":{"name":"(anonymous_16)","decl":{"start":{"line":132,"column":55},"end":{"line":132,"column":56}},"loc":{"start":{"line":132,"column":61},"end":{"line":134,"column":17}},"line":132},"17":{"name":"(anonymous_17)","decl":{"start":{"line":135,"column":53},"end":{"line":135,"column":54}},"loc":{"start":{"line":135,"column":59},"end":{"line":137,"column":17}},"line":135},"18":{"name":"openEditPopup","decl":{"start":{"line":142,"column":9},"end":{"line":142,"column":22}},"loc":{"start":{"line":142,"column":29},"end":{"line":152,"column":1}},"line":142},"19":{"name":"(anonymous_19)","decl":{"start":{"line":150,"column":51},"end":{"line":150,"column":52}},"loc":{"start":{"line":150,"column":57},"end":{"line":150,"column":80}},"line":150},"20":{"name":"(anonymous_20)","decl":{"start":{"line":151,"column":53},"end":{"line":151,"column":54}},"loc":{"start":{"line":151,"column":59},"end":{"line":151,"column":119}},"line":151},"21":{"name":"saveEdit","decl":{"start":{"line":154,"column":9},"end":{"line":154,"column":17}},"loc":{"start":{"line":154,"column":36},"end":{"line":184,"column":1}},"line":154},"22":{"name":"(anonymous_22)","decl":{"start":{"line":167,"column":22},"end":{"line":167,"column":23}},"loc":{"start":{"line":167,"column":30},"end":{"line":178,"column":5}},"line":167}},"branchMap":{"0":{"loc":{"start":{"line":2,"column":16},"end":{"line":2,"column":63}},"type":"binary-expr","locations":[{"start":{"line":2,"column":16},"end":{"line":2,"column":57}},{"start":{"line":2,"column":61},"end":{"line":2,"column":63}}],"line":2},"1":{"loc":{"start":{"line":28,"column":16},"end":{"line":28,"column":63}},"type":"binary-expr","locations":[{"start":{"line":28,"column":16},"end":{"line":28,"column":57}},{"start":{"line":28,"column":61},"end":{"line":28,"column":63}}],"line":28},"2":{"loc":{"start":{"line":31,"column":4},"end":{"line":34,"column":5}},"type":"if","locations":[{"start":{"line":31,"column":4},"end":{"line":34,"column":5}},{"start":{},"end":{}}],"line":31},"3":{"loc":{"start":{"line":31,"column":8},"end":{"line":31,"column":67}},"type":"binary-expr","locations":[{"start":{"line":31,"column":8},"end":{"line":31,"column":17}},{"start":{"line":31,"column":21},"end":{"line":31,"column":27}},{"start":{"line":31,"column":31},"end":{"line":31,"column":40}},{"start":{"line":31,"column":44},"end":{"line":31,"column":54}},{"start":{"line":31,"column":58},"end":{"line":31,"column":67}}],"line":31},"4":{"loc":{"start":{"line":35,"column":4},"end":{"line":51,"column":5}},"type":"if","locations":[{"start":{"line":35,"column":4},"end":{"line":51,"column":5}},{"start":{"line":38,"column":10},"end":{"line":51,"column":5}}],"line":35},"5":{"loc":{"start":{"line":80,"column":4},"end":{"line":140,"column":5}},"type":"if","locations":[{"start":{"line":80,"column":4},"end":{"line":140,"column":5}},{"start":{},"end":{}}],"line":80},"6":{"loc":{"start":{"line":81,"column":22},"end":{"line":81,"column":69}},"type":"binary-expr","locations":[{"start":{"line":81,"column":22},"end":{"line":81,"column":63}},{"start":{"line":81,"column":67},"end":{"line":81,"column":69}}],"line":81},"7":{"loc":{"start":{"line":84,"column":8},"end":{"line":139,"column":9}},"type":"if","locations":[{"start":{"line":84,"column":8},"end":{"line":139,"column":9}},{"start":{"line":86,"column":15},"end":{"line":139,"column":9}}],"line":84},"8":{"loc":{"start":{"line":161,"column":4},"end":{"line":164,"column":5}},"type":"if","locations":[{"start":{"line":161,"column":4},"end":{"line":164,"column":5}},{"start":{},"end":{}}],"line":161},"9":{"loc":{"start":{"line":161,"column":8},"end":{"line":161,"column":67}},"type":"binary-expr","locations":[{"start":{"line":161,"column":8},"end":{"line":161,"column":17}},{"start":{"line":161,"column":21},"end":{"line":161,"column":27}},{"start":{"line":161,"column":31},"end":{"line":161,"column":40}},{"start":{"line":161,"column":44},"end":{"line":161,"column":54}},{"start":{"line":161,"column":58},"end":{"line":161,"column":67}}],"line":161},"10":{"loc":{"start":{"line":166,"column":16},"end":{"line":166,"column":63}},"type":"binary-expr","locations":[{"start":{"line":166,"column":16},"end":{"line":166,"column":57}},{"start":{"line":166,"column":61},"end":{"line":166,"column":63}}],"line":166},"11":{"loc":{"start":{"line":168,"column":8},"end":{"line":176,"column":9}},"type":"if","locations":[{"start":{"line":168,"column":8},"end":{"line":176,"column":9}},{"start":{},"end":{}}],"line":168},"12":{"loc":{"start":{"line":188,"column":0},"end":{"line":190,"column":1}},"type":"if","locations":[{"start":{"line":188,"column":0},"end":{"line":190,"column":1}},{"start":{},"end":{}}],"line":188}},"s":{"0":2,"1":2,"2":2,"3":11,"4":11,"5":11,"6":11,"7":0,"8":1,"9":1,"10":5,"11":4,"12":4,"13":4,"14":4,"15":4,"16":4,"17":4,"18":5,"19":4,"20":1,"21":1,"22":3,"23":3,"24":3,"25":0,"26":0,"27":0,"28":0,"29":0,"30":4,"31":4,"32":4,"33":4,"34":4,"35":2,"36":2,"37":2,"38":4,"39":1,"40":3,"41":3,"42":4,"43":3,"44":3,"45":33,"46":33,"47":33,"48":33,"49":33,"50":4,"51":29,"52":35,"53":35,"54":35,"55":35,"56":35,"57":35,"58":35,"59":35,"60":35,"61":35,"62":35,"63":35,"64":35,"65":35,"66":35,"67":35,"68":35,"69":35,"70":35,"71":35,"72":35,"73":35,"74":35,"75":35,"76":35,"77":35,"78":2,"79":35,"80":35,"81":1,"82":35,"83":4,"84":35,"85":1,"86":8,"87":8,"88":8,"89":8,"90":8,"91":8,"92":8,"93":5,"94":8,"95":1,"96":5,"97":5,"98":5,"99":5,"100":5,"101":5,"102":1,"103":1,"104":4,"105":4,"106":5,"107":4,"108":1,"109":4,"110":4,"111":4,"112":4,"113":1,"114":1,"115":0,"116":1,"117":1,"118":1},"f":{"0":2,"1":11,"2":0,"3":1,"4":5,"5":4,"6":5,"7":4,"8":2,"9":1,"10":3,"11":4,"12":33,"13":35,"14":2,"15":1,"16":4,"17":1,"18":8,"19":5,"20":1,"21":5,"22":5},"b":{"0":[2,1],"1":[4,0],"2":[1,3],"3":[4,4,3,3,3],"4":[3,0],"5":[33,0],"6":[33,1],"7":[4,29],"8":[1,4],"9":[5,4,4,4,4],"10":[4,0],"11":[4,1],"12":[0,1]},"_coverageSchema":"1a1c01bbd47fc00a2c39e90264f33305004495a9","hash":"39cf639df6b1c23e6d44954c565aa63659a4712d"}
}
