TN:
SF:js\script.js
FN:1,saveUserToLocalStorage
FN:7,showToast
FN:13,(anonymous_2)
FN:17,clearInputFields
FN:19,(anonymous_4)
FN:22,addUser
FN:29,(anonymous_6)
FN:53,showConfirmationDialog
FN:60,(anonymous_8)
FN:66,(anonymous_9)
FN:71,deleteUser
FN:73,(anonymous_11)
FN:78,displayUsers
FN:87,(anonymous_13)
FN:125,(anonymous_14)
FN:129,(anonymous_15)
FN:132,(anonymous_16)
FN:135,(anonymous_17)
FN:142,openEditPopup
FN:150,(anonymous_19)
FN:151,(anonymous_20)
FN:154,saveEdit
FN:167,(anonymous_22)
FNF:23
FNH:22
FNDA:2,saveUserToLocalStorage
FNDA:11,showToast
FNDA:0,(anonymous_2)
FNDA:1,clearInputFields
FNDA:5,(anonymous_4)
FNDA:4,addUser
FNDA:5,(anonymous_6)
FNDA:4,showConfirmationDialog
FNDA:2,(anonymous_8)
FNDA:1,(anonymous_9)
FNDA:3,deleteUser
FNDA:4,(anonymous_11)
FNDA:33,displayUsers
FNDA:35,(anonymous_13)
FNDA:2,(anonymous_14)
FNDA:1,(anonymous_15)
FNDA:4,(anonymous_16)
FNDA:1,(anonymous_17)
FNDA:8,openEditPopup
FNDA:5,(anonymous_19)
FNDA:1,(anonymous_20)
FNDA:5,saveEdit
FNDA:5,(anonymous_22)
DA:2,2
DA:3,2
DA:4,2
DA:8,11
DA:9,11
DA:10,11
DA:13,11
DA:14,0
DA:18,1
DA:19,5
DA:23,4
DA:24,4
DA:25,4
DA:26,4
DA:27,4
DA:28,4
DA:29,5
DA:31,4
DA:32,1
DA:33,1
DA:35,3
DA:36,3
DA:37,3
DA:39,0
DA:47,0
DA:48,0
DA:49,0
DA:50,0
DA:54,4
DA:55,4
DA:57,4
DA:58,4
DA:60,4
DA:61,2
DA:62,2
DA:63,2
DA:66,4
DA:67,1
DA:72,3
DA:73,4
DA:74,3
DA:75,3
DA:79,33
DA:80,33
DA:81,33
DA:82,33
DA:84,33
DA:85,4
DA:87,29
DA:88,35
DA:89,35
DA:90,35
DA:91,35
DA:93,35
DA:94,35
DA:96,35
DA:97,35
DA:98,35
DA:99,35
DA:101,35
DA:102,35
DA:103,35
DA:104,35
DA:106,35
DA:107,35
DA:108,35
DA:109,35
DA:111,35
DA:112,35
DA:113,35
DA:114,35
DA:115,35
DA:116,35
DA:123,35
DA:125,35
DA:126,2
DA:128,35
DA:129,35
DA:130,1
DA:132,35
DA:133,4
DA:135,35
DA:136,1
DA:143,8
DA:144,8
DA:145,8
DA:146,8
DA:147,8
DA:148,8
DA:150,8
DA:151,8
DA:155,5
DA:156,5
DA:157,5
DA:158,5
DA:159,5
DA:161,5
DA:162,1
DA:163,1
DA:166,4
DA:167,4
DA:168,5
DA:169,4
DA:177,1
DA:180,4
DA:181,4
DA:182,4
DA:183,4
DA:187,1
DA:188,1
DA:189,0
DA:192,1
DA:193,1
DA:194,1
LF:114
LH:107
BRDA:2,0,0,2
BRDA:2,0,1,1
BRDA:28,1,0,4
BRDA:28,1,1,0
BRDA:31,2,0,1
BRDA:31,2,1,3
BRDA:31,3,0,4
BRDA:31,3,1,4
BRDA:31,3,2,3
BRDA:31,3,3,3
BRDA:31,3,4,3
BRDA:35,4,0,3
BRDA:35,4,1,0
BRDA:80,5,0,33
BRDA:80,5,1,0
BRDA:81,6,0,33
BRDA:81,6,1,1
BRDA:84,7,0,4
BRDA:84,7,1,29
BRDA:161,8,0,1
BRDA:161,8,1,4
BRDA:161,9,0,5
BRDA:161,9,1,4
BRDA:161,9,2,4
BRDA:161,9,3,4
BRDA:161,9,4,4
BRDA:166,10,0,4
BRDA:166,10,1,0
BRDA:168,11,0,4
BRDA:168,11,1,1
BRDA:188,12,0,0
BRDA:188,12,1,1
BRF:32
BRH:27
end_of_record
